<?xml version="1.0" encoding="UTF-8"?>
<testsuites name="jest tests" tests="2" failures="0" errors="0" time="90.299">
  <testsuite name="FooterWebpart Component" errors="0" failures="0" skipped="0" timestamp="2026-05-28T17:26:59" time="77.996" tests="2">
    <testcase classname="FooterWebpart Component should render FooterWebpart component" name="FooterWebpart Component should render FooterWebpart component" time="0.04">
    </testcase>
    <testcase classname="FooterWebpart Component should render the &apos;Stay in the loop&apos; title" name="FooterWebpart Component should render the &apos;Stay in the loop&apos; title" time="0.009">
    </testcase>
  </testsuite>
</testsuites>